0 info it worked if it ends with ok
1 verbose cli [ 'D:\\Program Files\\nodejs\\node.exe',
1 verbose cli   'C:\\Users\\Administrator\\AppData\\Roaming\\npm\\node_modules\\cnpm\\node_modules\\npm\\bin\\npm-cli.js',
1 verbose cli   '--userconfig=C:\\Users\\Administrator\\.cnpmrc',
1 verbose cli   '--disturl=https://npm.taobao.org/mirrors/node',
1 verbose cli   '--registry=https://registry.npm.taobao.org',
1 verbose cli   'start' ]
2 info using npm@3.10.10
3 info using node@v6.10.3
4 verbose run-script [ 'prestart', 'start', 'poststart' ]
5 info lifecycle debate@0.0.0~prestart: debate@0.0.0
6 silly lifecycle debate@0.0.0~prestart: no script for prestart, continuing
7 info lifecycle debate@0.0.0~start: debate@0.0.0
8 verbose lifecycle debate@0.0.0~start: unsafe-perm in lifecycle true
9 verbose lifecycle debate@0.0.0~start: PATH: C:\Users\Administrator\AppData\Roaming\npm\node_modules\cnpm\node_modules\npm\bin\node-gyp-bin;D:\sublime-workspace\Debate\node_modules\.bin;C:\Users\Administrator\bin;D:\Program Files\git\gitInstall\Git\mingw64\bin;D:\Program Files\git\gitInstall\Git\usr\local\bin;D:\Program Files\git\gitInstall\Git\usr\bin;D:\Program Files\git\gitInstall\Git\usr\bin;D:\Program Files\git\gitInstall\Git\mingw64\bin;D:\Program Files\git\gitInstall\Git\usr\bin;C:\Users\Administrator\bin;C:\Program Files (x86)\NVIDIA Corporation\PhysX\Common;C:\WINDOWS\system32;C:\WINDOWS;C:\WINDOWS\System32\Wbem;C:\WINDOWS\System32\WindowsPowerShell\v1.0;C:\Program Files\Java\jdk1.8.0_73\bin;C:\Program Files (x86)\IBM\Personal Communications;C:\Program Files (x86)\IBM\Trace Facility;D:\Common;D:\apache-maven-3.3.9\bin;D:\Program Files\git\gitInstall\Git\cmd;C:\Program Files (x86)\MySQL\MySQL Utilities 1.4.3;C:\Program Files (x86)\MySQL\MySQL Utilities 1.4.3\Doctrine extensions for PHP;D:\Program Files\Tomcat 8\install\lib;D:\Program Files\Tomcat 8\install\bin;C:\Users\Administrator\AppData\Roaming\npm;C:\Users\Administrator\AppData\Roaming\npm\node_modules\cnpm;D:\Program Files\nodejs;C:\Users\Administrator\AppData\Local\Programs\Python\Python35\Lib\site-packages\Django-2.0.dev20170703235319-py3.5.egg\django\bin;C:\Users\Administrator\AppData\Local\Programs\Python\Python35\Scripts;D:\Program Files\git\gitInstall\Git\usr\bin;C:\Users\Administrator\AppData\Local\Programs\Python\Python36-32\Scripts;C:\Users\Administrator\AppData\Local\Programs\Python\Python36-32;D:\Program Files\Ruby24-x64\bin;D:\Program Files\Ruby22-x64\bin;D:\Program Files\Tomcat 8\install\lib;C:\Users\Administrator\AppData\Local\Microsoft\WindowsApps;C:\Program Files\MySQL\MySQL Server 5.6\bin;C:\Users\Administrator\AppData\Roaming\npm;D:\Program Files\VSCode\Microsoft VS Code\bin;D:\Program Files\git\gitInstall\Git\usr\bin\vendor_perl;D:\Program Files\git\gitInstall\Git\usr\bin\core_perl
10 verbose lifecycle debate@0.0.0~start: CWD: D:\sublime-workspace\Debate
11 silly lifecycle debate@0.0.0~start: Args: [ '/d /s /c', 'node ./bin/www' ]
12 silly lifecycle debate@0.0.0~start: Returned: code: 1  signal: null
13 info lifecycle debate@0.0.0~start: Failed to exec start script
14 verbose stack Error: debate@0.0.0 start: `node ./bin/www`
14 verbose stack Exit status 1
14 verbose stack     at EventEmitter.<anonymous> (C:\Users\Administrator\AppData\Roaming\npm\node_modules\cnpm\node_modules\npm\lib\utils\lifecycle.js:255:16)
14 verbose stack     at emitTwo (events.js:106:13)
14 verbose stack     at EventEmitter.emit (events.js:191:7)
14 verbose stack     at ChildProcess.<anonymous> (C:\Users\Administrator\AppData\Roaming\npm\node_modules\cnpm\node_modules\npm\lib\utils\spawn.js:40:14)
14 verbose stack     at emitTwo (events.js:106:13)
14 verbose stack     at ChildProcess.emit (events.js:191:7)
14 verbose stack     at maybeClose (internal/child_process.js:886:16)
14 verbose stack     at Process.ChildProcess._handle.onexit (internal/child_process.js:226:5)
15 verbose pkgid debate@0.0.0
16 verbose cwd D:\sublime-workspace\Debate
17 error Windows_NT 10.0.14393
18 error argv "D:\\Program Files\\nodejs\\node.exe" "C:\\Users\\Administrator\\AppData\\Roaming\\npm\\node_modules\\cnpm\\node_modules\\npm\\bin\\npm-cli.js" "--userconfig=C:\\Users\\Administrator\\.cnpmrc" "--disturl=https://npm.taobao.org/mirrors/node" "--registry=https://registry.npm.taobao.org" "start"
19 error node v6.10.3
20 error npm  v3.10.10
21 error code ELIFECYCLE
22 error debate@0.0.0 start: `node ./bin/www`
22 error Exit status 1
23 error Failed at the debate@0.0.0 start script 'node ./bin/www'.
23 error Make sure you have the latest version of node.js and npm installed.
23 error If you do, this is most likely a problem with the debate package,
23 error not with npm itself.
23 error Tell the author that this fails on your system:
23 error     node ./bin/www
23 error You can get information on how to open an issue for this project with:
23 error     npm bugs debate
23 error Or if that isn't available, you can get their info via:
23 error     npm owner ls debate
23 error There is likely additional logging output above.
24 verbose exit [ 1, true ]
